 INIT_PARALLELE(): numthr=          72
 INIT_PARALLELE(): nthr=          71
 Reading for005.// ...
  enter title (=qualifier) for that run:
  title is now: H2O          
 H2O          **************************************
  GLOBAL READ
  STATIC READ
  DYNAMIC READ
  RTA READ
 Entering iperio. IPSPTYP=           1
 resetting ionic masses...
 END OF IPERIO.
  PERIO READ
 jekion=           0
 kxbox,kybox,kzbox:          64          64          64
  ALLOCATE with: kxmax,kymax,kzmax,nacthr=          64          64          64
          71
  FFTA allocated with NACTHR=          71
  testprint: nx2,ny2,nz2=          64          64          64
testprint: kxmax,kymax,kzmax=  64  64  64
MODX:  34  35  36  37  38  39  40  41  42  43  44  45  46  47  48  49  50  51  52  53  54  55  56  57  58  59  60  61  62  63  64   1   2   3   4   5   6   7   8   9  10  11  12  13  14  15  16  17  18  19  20  21  22  23  24  25  26  27  28  29  30  31  32  33
 wisdom_fftw.dat not found, creating it
 FFTINIT: nacthr=          71
 FFTINIT: i=           0
 FFTINIT: i=           1
 FFTINIT: i=           2
 FFTINIT: i=           3
 FFTINIT: i=           4
 FFTINIT: i=           5
 FFTINIT: i=           6
 FFTINIT: i=           7
 FFTINIT: i=           8
 FFTINIT: i=           9
 FFTINIT: i=          10
 FFTINIT: i=          11
 FFTINIT: i=          12
 FFTINIT: i=          13
 FFTINIT: i=          14
 FFTINIT: i=          15
 FFTINIT: i=          16
 FFTINIT: i=          17
 FFTINIT: i=          18
 FFTINIT: i=          19
 FFTINIT: i=          20
 FFTINIT: i=          21
 FFTINIT: i=          22
 FFTINIT: i=          23
 FFTINIT: i=          24
 FFTINIT: i=          25
 FFTINIT: i=          26
 FFTINIT: i=          27
 FFTINIT: i=          28
 FFTINIT: i=          29
 FFTINIT: i=          30
 FFTINIT: i=          31
 FFTINIT: i=          32
 FFTINIT: i=          33
 FFTINIT: i=          34
 FFTINIT: i=          35
 FFTINIT: i=          36
 FFTINIT: i=          37
 FFTINIT: i=          38
 FFTINIT: i=          39
 FFTINIT: i=          40
 FFTINIT: i=          41
 FFTINIT: i=          42
 FFTINIT: i=          43
 FFTINIT: i=          44
 FFTINIT: i=          45
 FFTINIT: i=          46
 FFTINIT: i=          47
 FFTINIT: i=          48
 FFTINIT: i=          49
 FFTINIT: i=          50
 FFTINIT: i=          51
 FFTINIT: i=          52
 FFTINIT: i=          53
 FFTINIT: i=          54
 FFTINIT: i=          55
 FFTINIT: i=          56
 FFTINIT: i=          57
 FFTINIT: i=          58
 FFTINIT: i=          59
 FFTINIT: i=          60
 FFTINIT: i=          61
 FFTINIT: i=          62
 FFTINIT: i=          63
 FFTINIT: i=          64
 FFTINIT: i=          65
 FFTINIT: i=          66
 FFTINIT: i=          67
 FFTINIT: i=          68
 FFTINIT: i=          69
 FFTINIT: i=          70
 FFTINIT: i=          71
  initialized nini=      262144          64          64          64
 Error exporting wisdom to FILE wisdom_fftw.dat
 END INIT: nx2,kxmax=          64          64
  init Coul FFTW threads: iret=           1 , nr. of threads=          72
 wisdom_fftw.dat not found, creating it
  Coul-Solv initialized nini=     2097152         128         128         128
  export wisdom_fftw_coul.dat failed
  dkx,dky,dkz,dksp=  8.338197435445684E-002  8.338197435445684E-002
  8.338197435445684E-002  5.797176499127596E-004
  nzi,nyi,nxi,nx,ny,nz,ikzero=         128         128         128          64
          64          64     1040320
 1/k**2 along x
  -37.09  1.28883E-02   0.0000    
  -36.50  2.08894E-03  3.81959E-20
  -35.91  2.90769E-04 -7.76127E-21
  -35.32  2.54384E-04  5.34465E-20
  -34.73  7.20224E-05 -1.24483E-22
  -34.14  9.18934E-05  4.68245E-20
  -33.56  3.18551E-05  2.14016E-21
  -32.97  4.69683E-05 -3.58329E-21
  -32.38  1.78452E-05  5.97767E-26
  -31.79  2.84627E-05  2.50924E-21
  -31.20  1.13696E-05  1.14090E-21
  -30.61  1.90922E-05  1.36422E-20
  -30.02  7.85483E-06  6.17568E-22
  -29.44  1.37027E-05  1.72072E-20
  -28.85  5.73690E-06 -1.06226E-21
  -28.26  1.03223E-05  3.12021E-21
  -27.67  4.36322E-06  2.64698E-23
  -27.08  8.06425E-06 -7.80469E-21
  -26.49  3.42223E-06 -2.24223E-22
  -25.90  6.48239E-06  6.85663E-21
  -25.31  2.74992E-06 -8.15597E-23
  -24.73  5.33209E-06  9.06757E-21
  -24.14  2.25325E-06  2.78887E-21
  -23.55  4.47021E-06  9.12208E-21
  -22.96  1.87629E-06  4.02862E-22
  -22.37  3.80847E-06  6.73091E-21
  -21.78  1.58374E-06  1.12996E-21
  -21.19  3.29004E-06  6.16630E-21
  -20.60  1.35249E-06 -7.55974E-24
  -20.02  2.87699E-06  5.65409E-21
  -19.43  1.16683E-06 -2.11481E-21
  -18.84  2.54323E-06  1.70772E-20
  -18.25  1.01585E-06   0.0000    
  -17.66  2.27036E-06  6.36598E-20
  -17.07  8.91731E-07  2.19021E-21
  -16.48  2.04508E-06  1.10233E-20
  -15.90  7.88795E-07  3.29090E-22
  -15.31  1.85761E-06  4.28605E-21
  -14.72  7.02820E-07 -5.28102E-22
  -14.13  1.70065E-06  2.96011E-21
  -13.54  6.30628E-07  2.82359E-22
  -12.95  1.56865E-06  9.27455E-21
  -12.36  5.69791E-07 -4.51328E-22
  -11.77  1.45733E-06  3.13502E-21
  -11.19  5.18435E-07  4.76219E-22
  -10.60  1.36340E-06  1.25025E-21
  -10.01  4.75100E-07 -1.02288E-21
   -9.42  1.28426E-06  1.21606E-20
   -8.83  4.38639E-07  2.64698E-23
   -8.24  1.21788E-06 -1.57225E-20
   -7.65  4.08149E-07 -1.63680E-21
   -7.06  1.16264E-06  2.54700E-21
   -6.48  3.82920E-07  1.23340E-21
   -5.89  1.11730E-06  1.19451E-21
   -5.30  3.62392E-07 -2.51855E-21
   -4.71  1.08085E-06 -3.47075E-21
   -4.12  3.46130E-07  1.07222E-22
   -3.53  1.05252E-06 -9.13130E-22
   -2.94  3.33800E-07  1.78820E-22
   -2.35  1.03175E-06  3.56174E-21
   -1.77  3.25160E-07 -3.67756E-23
   -1.18  1.01813E-06  1.39221E-20
   -0.59  3.20041E-07 -3.85469E-21
    0.00  1.01138E-06  6.25713E-20
    0.59  3.18345E-07   0.0000    
    1.18  2.08894E-03  4.52448E-20
    1.77  9.52072E-04  3.71873E-20
    2.35  3.22391E-04  1.76668E-21
    2.94  1.83232E-04  2.98669E-20
    3.53  9.50721E-05  1.14307E-21
    4.12  7.03813E-05  2.26989E-20
    4.71  4.36941E-05  3.77976E-21
    5.30  3.65880E-05  4.85000E-22
    5.89  2.48633E-05  5.68483E-22
    6.48  2.23098E-05  2.44068E-21
    7.06  1.59914E-05  1.19026E-21
    7.65  1.49977E-05  5.81374E-21
    8.24  1.11304E-05  8.86957E-22
    8.83  1.07669E-05  8.66143E-21
    9.42  8.18569E-06 -1.02927E-21
   10.01  8.10352E-06  1.65560E-21
   10.60  6.26949E-06  7.99353E-23
   11.19  6.32041E-06 -3.46915E-21
   11.77  4.95404E-06 -2.28268E-22
   12.36  5.06924E-06  3.05215E-21
   12.95  4.01279E-06  8.96056E-23
   13.54  4.15836E-06  4.29243E-21
   14.13  3.31674E-06  3.08680E-21
   14.72  3.47529E-06  3.84296E-21
   15.31  2.78806E-06  5.22421E-22
   15.90  2.95048E-06  3.68841E-21
   16.48  2.37757E-06  1.30217E-21
   17.07  2.53910E-06  3.58827E-21
   17.66  2.05295E-06 -1.85652E-22
   18.25  2.21119E-06  2.36812E-21
   18.84  1.79229E-06 -2.22788E-21
   19.43  1.94613E-06  8.50715E-21
   20.02  1.58028E-06  1.99087E-23
   20.60  1.72935E-06  2.99094E-20
   21.19  1.40598E-06  2.61709E-21
   21.78  1.55032E-06  7.25320E-21
   22.37  1.26144E-06  5.80377E-22
   22.96  1.40131E-06  2.16820E-21
   23.55  1.14071E-06 -4.87349E-22
   24.14  1.27651E-06  1.61348E-21
   24.73  1.03936E-06  4.02002E-22
   25.31  1.17152E-06  3.09120E-21
   25.90  9.53955E-07 -5.84931E-22
   26.49  1.08298E-06  1.66421E-21
   27.08  8.81873E-07  7.06269E-22
   27.67  1.00824E-06  3.80135E-22
   28.26  8.21059E-07 -1.13765E-21
   28.85  9.45264E-07  6.85620E-21
   29.44  7.69902E-07  2.93839E-23
   30.02  8.92429E-07 -7.18128E-21
   30.61  7.27132E-07 -1.92966E-21
   31.20  8.48462E-07  1.34897E-21
   31.79  6.91747E-07  1.55595E-21
   32.38  8.12359E-07  7.78406E-22
   32.97  6.62960E-07 -3.03852E-21
   33.56  7.83334E-07 -1.99230E-21
   34.14  6.40159E-07  2.48963E-22
   34.73  7.60779E-07  6.16136E-22
   35.32  6.22874E-07  7.30085E-22
   35.91  7.44239E-07  2.26327E-21
   36.50  6.10762E-07  9.83129E-26
   37.09  7.33386E-07  1.00105E-20
   37.68  6.03586E-07 -4.16704E-21
 1/k**2 along z
  -37.09  1.28883E-02   0.0000    
  -36.50  5.22497E-05  5.54212E-21
  -35.91  1.25694E-05  3.14222E-22
  -35.32  5.50064E-06  1.22142E-21
  -34.73  3.07460E-06  4.95633E-23
  -34.14  1.96922E-06 -1.48248E-23
  -33.56  1.37935E-06  3.67079E-25
  -32.97  1.03196E-06  6.12491E-23
  -32.38  8.13676E-07  6.69547E-24
  -31.79  6.70438E-07  6.90008E-23
  -31.20  5.73737E-07 -4.82540E-23
  -30.61  5.07334E-07 -1.38186E-22
  -30.02  4.61422E-07  2.97720E-23
  -29.44  4.29833E-07 -4.70787E-23
  -28.85  4.08606E-07 -3.50198E-23
  -28.26  3.95207E-07 -3.83051E-22
  -27.67  3.88075E-07  2.92894E-24
  -27.08  5.34006E-07  2.53206E-22
  -26.49  5.29687E-07  7.41471E-23
  -25.90  5.28655E-07  8.25719E-23
  -25.31  5.28639E-07 -1.01002E-22
  -24.73  5.27624E-07 -8.66425E-23
  -24.14  5.24166E-07  7.78090E-22
  -23.55  5.17582E-07  1.29866E-22
  -22.96  5.07975E-07 -1.42864E-21
  -22.37  4.96071E-07 -4.97789E-22
  -21.78  4.82950E-07 -1.03052E-21
  -21.19  4.69771E-07  6.09959E-23
  -20.60  4.57567E-07 -7.85933E-22
  -20.02  4.47150E-07  2.43160E-22
  -19.43  4.39087E-07  3.70509E-22
  -18.84  4.33733E-07 -4.66698E-22
  -18.25  4.31280E-07 -6.45410E-22
  -17.66  6.62866E-07 -2.28822E-21
  -17.07  6.55085E-07 -1.68371E-22
  -16.48  6.41687E-07 -2.85438E-22
  -15.90  6.23048E-07 -9.31442E-23
  -15.31  5.99593E-07 -2.87095E-23
  -14.72  5.72252E-07  2.70157E-23
  -14.13  5.42457E-07 -1.15114E-22
  -13.54  5.11939E-07 -3.10256E-22
  -12.95  4.82432E-07 -3.59948E-22
  -12.36  4.55418E-07 -7.63990E-23
  -11.77  4.31979E-07 -8.20337E-24
  -11.19  4.12783E-07 -4.18318E-23
  -10.60  3.98150E-07 -7.33271E-23
  -10.01  3.88169E-07 -1.03630E-22
   -9.42  3.82842E-07 -3.82661E-22
   -8.83  3.82222E-07 -3.44436E-22
   -8.24  5.38091E-07 -2.53146E-21
   -7.65  5.54924E-07 -1.14976E-22
   -7.06  5.79930E-07 -3.38243E-22
   -6.48  6.13266E-07 -3.96515E-22
   -5.89  6.53724E-07  1.07322E-21
   -5.30  6.98357E-07 -6.03293E-23
   -4.71  7.42338E-07  4.24869E-22
   -4.12  7.79445E-07 -1.11481E-22
   -3.53  8.03451E-07  5.27513E-22
   -2.94  8.10189E-07  2.07913E-22
   -2.35  7.99295E-07 -6.40477E-22
   -1.77  7.74516E-07  3.14929E-22
   -1.18  7.42367E-07  2.22663E-22
   -0.59  7.10055E-07  1.03455E-22
    0.00  6.83781E-07 -1.57275E-22
    0.59  6.67893E-07  4.80012E-21
    1.18   0.0000       0.0000    
    1.77   0.0000       0.0000    
    2.35   0.0000       0.0000    
    2.94   0.0000       0.0000    
    3.53   0.0000       0.0000    
    4.12   0.0000       0.0000    
    4.71   0.0000       0.0000    
    5.30   0.0000       0.0000    
    5.89   0.0000       0.0000    
    6.48   0.0000       0.0000    
    7.06   0.0000       0.0000    
    7.65   0.0000       0.0000    
    8.24   0.0000       0.0000    
    8.83   0.0000       0.0000    
    9.42   0.0000       0.0000    
   10.01   0.0000       0.0000    
   10.60   0.0000       0.0000    
   11.19   0.0000       0.0000    
   11.77   0.0000       0.0000    
   12.36   0.0000       0.0000    
   12.95   0.0000       0.0000    
   13.54   0.0000       0.0000    
   14.13   0.0000       0.0000    
   14.72   0.0000       0.0000    
   15.31   0.0000       0.0000    
   15.90   0.0000       0.0000    
   16.48   0.0000       0.0000    
   17.07   0.0000       0.0000    
   17.66   0.0000       0.0000    
   18.25   0.0000       0.0000    
   18.84   0.0000       0.0000    
   19.43   0.0000       0.0000    
   20.02   0.0000       0.0000    
   20.60   0.0000       0.0000    
   21.19   0.0000       0.0000    
   21.78   0.0000       0.0000    
   22.37   0.0000       0.0000    
   22.96   0.0000       0.0000    
   23.55   0.0000       0.0000    
   24.14   0.0000       0.0000    
   24.73   0.0000       0.0000    
   25.31   0.0000       0.0000    
   25.90   0.0000       0.0000    
   26.49   0.0000       0.0000    
   27.08   0.0000       0.0000    
   27.67   0.0000       0.0000    
   28.26   0.0000       0.0000    
   28.85   0.0000       0.0000    
   29.44   0.0000       0.0000    
   30.02   0.0000       0.0000    
   30.61   0.0000       0.0000    
   31.20   0.0000       0.0000    
   31.79   0.0000       0.0000    
   32.38   0.0000       0.0000    
   32.97   0.0000       0.0000    
   33.56   0.0000       0.0000    
   34.14   0.0000       0.0000    
   34.73   0.0000       0.0000    
   35.32   0.0000       0.0000    
   35.91   0.0000       0.0000    
   36.50   0.0000       0.0000    
   37.09   0.0000       0.0000    
   37.68   0.0000       0.0000    
 ::::::::::::::::::::::::::::::::::::::::
 Dimensions of the box:
 KXBOX,KYBOX,KZBOX,KDFULL2=   64   64   64  262144
x =     -18.25 ..      18.84
y =     -18.25 ..      18.84
z =     -18.25 ..      18.84
 ::::::::::::::::::::::::::::::::::::::::
 INIT: nx,ny,nz,nxyz,dvol=   32   32   32  262144  0.2040    
  nion2=           1
  ions switch
 Entering initions()
 Reading positions...
  0.804002770000000      -7.463632600000000E-013  5.105016000000000E-012
           8           1
 -0.416276730000000        1.45008860000000       2.103599400000000E-012
           1           1
 -0.416276730000000       -1.45008860000000       1.704939600000000E-012
           1           1
 total number of valence electrons   8.00000000000000     
 ion nr.   1: x,y,z,TYPE,params=  0.1356     -0.8293E-13  0.3556E-12   8    16.000      0.50000    
 np(           1 )=           8
 amu(           8 )=   16.0000000000000     
  PsP parameters for ion:
ch=   6.00000    
amu=   16.0000    
cc1=  0.734537    
cc2=  -2.05088    
crloc=  0.500000    
crs=   0.00000    
chs=   0.00000    
h0_11g=   1.75051    
h0_12g= -1.000000E+20
h0_22g=   0.00000    
h0_33g=   0.00000    
h1_11g=   0.00000    
h1_22g=   0.00000    
h2_11g=   0.00000    
sgm1=   0.00000    
sgm2=   0.00000    
chg1=   0.00000    
chg2=   0.00000    
r0g=  0.500000    
r1g=  0.500000    
r2g=   0.00000    
radiong=   2.20000    
 tblock= F
 tnonloc= T
  optimal grid spacing for this element=  0.588705011457377     
 ion nr.   2: x,y,z,TYPE,params=  -1.085       1.450     -0.2646E-11   1    1.0000      0.50000    
 np(           2 )=           1
 amu(           1 )=   1.00000000000000     
  PsP parameters for ion:
ch=   1.00000    
amu=   1.00000    
cc1=  0.288977    
cc2= -8.386485E-02
crloc=  0.500000    
crs=   0.00000    
chs=   0.00000    
h0_11g= -0.499418    
h0_12g= -1.000000E+20
h0_22g=   0.00000    
h0_33g=   0.00000    
h1_11g=   0.00000    
h1_22g=   0.00000    
h2_11g=   0.00000    
sgm1=   0.00000    
sgm2=   0.00000    
chg1=   0.00000    
chg2=   0.00000    
r0g=  0.500000    
r1g=  0.500000    
r2g=   0.00000    
radiong=   2.20000    
 tblock= F
 tnonloc= T
  optimal grid spacing for this element=  0.588705011457377     
 ion nr.   3: x,y,z,TYPE,params=  -1.085      -1.450     -0.3044E-11   1    1.0000      0.50000    
 np(           3 )=           1
 amu(           1 )=   1.00000000000000     
  PsP parameters for ion:
ch=   1.00000    
amu=   1.00000    
cc1=  0.288977    
cc2= -8.386485E-02
crloc=  0.500000    
crs=   0.00000    
chs=   0.00000    
h0_11g= -0.499418    
h0_12g= -1.000000E+20
h0_22g=   0.00000    
h0_33g=   0.00000    
h1_11g=   0.00000    
h1_22g=   0.00000    
h2_11g=   0.00000    
sgm1=   0.00000    
sgm2=   0.00000    
chg1=   0.00000    
chg2=   0.00000    
r0g=  0.500000    
r1g=  0.500000    
r2g=   0.00000    
radiong=   2.20000    
 tblock= F
 tnonloc= T
  optimal grid spacing for this element=  0.588705011457377     
 dx=  0.588705000000000       optimal grid spacing =  0.588705011457377     
 distmax of ions  0.000000000000000E+000 recommended nx ny nz          32
 Calculating ionic energy ...
sumion=          13.3531
 
initial ionic positions and velocities:
ion 1=   0.1356  -0.0000   0.0000   0.0000   0.0000   0.0000
ion 2=  -1.0847   1.4501  -0.0000   0.0000   0.0000   0.0000
ion 3=  -1.0847  -1.4501  -0.0000   0.0000   0.0000   0.0000
 Initions Done.
 nelup           4
 neldw           4
 zfac,yfac,xfac=   0.164   0.118   0.106
 is n nx ny nz speact
init states: n,...=    1    1    0    0    0     1.000     0.000     0.201
init states: n,...=    2    1    1    0    0     1.000     0.106     0.201
init states: n,...=    3    1    0    1    0     1.000     0.118     0.201
init states: n,...=    4    1    0    0    1     1.000     0.164     0.201
 n(nelup)           4
check spin down:    2    5    1     1.000     0.000     0.201
check spin down:    2    6    2     1.000     0.106     0.201
check spin down:    2    7    3     1.000     0.118     0.201
check spin down:    2    8    4     1.000     0.164     0.201
 mspindw           4
 neldw           4
          64          64          64           8
           1           8
          64          64          64           8
           1           8
          64          64          64           8
           1           8
          64          64          64           8
           1           8
          64          64          64           8
           1           8
          64          64          64           8
           1           8
          64          64          64           8
           1           8
          64          64          64           8
           1           8
          64          64          64           8
           1           8
          64          64          64           8
           1           8
          64          64          64           8
           1           8
          64          64          64           8
           1           8
          64          64          64           8
           1           8
          64          64          64           8
           1           8
          64          64          64           8
           1           8
          64          64          64           8
           1           8
after ordering:
nstate,nelect  8  8
 for charge=   7.99999999999987     

field along x:coulomb pot
 -18.25  0.84755    
 -17.66  0.87048    
 -17.07  0.89282    
 -16.48  0.91452    
 -15.90  0.93554    
 -15.31  0.95585    
 -14.72  0.97540    
 -14.13  0.99416    
 -13.54   1.0121    
 -12.95   1.0291    
 -12.36   1.0453    
 -11.77   1.0605    
 -11.19   1.0749    
 -10.60   1.0883    
 -10.01   1.1007    
  -9.42   1.1122    
  -8.83   1.1228    
  -8.24   1.1324    
  -7.65   1.1412    
  -7.06   1.1491    
  -6.48   1.1562    
  -5.89   1.1625    
  -5.30   1.1680    
  -4.71   1.1728    
  -4.12   1.1769    
  -3.53   1.1804    
  -2.94   1.1833    
  -2.35   1.1856    
  -1.77   1.1873    
  -1.18   1.1886    
  -0.59   1.1893    
   0.00   1.1895    
   0.59   1.1892    
   1.18   1.1885    
   1.77   1.1872    
   2.35   1.1854    
   2.94   1.1831    
   3.53   1.1802    
   4.12   1.1767    
   4.71   1.1726    
   5.30   1.1679    
   5.89   1.1624    
   6.48   1.1562    
   7.06   1.1493    
   7.65   1.1415    
   8.24   1.1329    
   8.83   1.1235    
   9.42   1.1132    
  10.01   1.1020    
  10.60   1.0899    
  11.19   1.0769    
  11.77   1.0630    
  12.36   1.0482    
  12.95   1.0325    
  13.54   1.0160    
  14.13  0.99863    
  14.72  0.98050    
  15.31  0.96162    
  15.90  0.94203    
  16.48  0.92177    
  17.07  0.90088    
  17.66  0.87942    
  18.25  0.85741    
  18.84  0.83492    
  IN STATIT
rhoCM:     0.1110967E+00    0.9797779E-01    0.5988887E-01
level:  1 spin,occup,ekin,esp,var=  1  1.00000  0.00000  0.00000   0.000       0.000    
level:  2 spin,occup,ekin,esp,var=  1  1.00000  0.00000  0.00000   0.000       0.000    
level:  3 spin,occup,ekin,esp,var=  1  1.00000  0.00000  0.00000   0.000       0.000    
level:  4 spin,occup,ekin,esp,var=  1  1.00000  0.00000  0.00000   0.000       0.000    
level:  5 spin,occup,ekin,esp,var= -1  1.00000  0.00000  0.00000   0.000       0.000    
level:  6 spin,occup,ekin,esp,var= -1  1.00000  0.00000  0.00000   0.000       0.000    
level:  7 spin,occup,ekin,esp,var= -1  1.00000  0.00000  0.00000   0.000       0.000    
level:  8 spin,occup,ekin,esp,var= -1  1.00000  0.00000  0.00000   0.000       0.000    
 total variance =   0.000       0.000    
 sp pot. energy =  0.000000000000000E+000
 sp kin. energy =  0.000000000000000E+000
 tot sp energy =  0.000000000000000E+000
 e_coul:ion-ion =   13.3530855031108     
 e_coul:el-ion =  -9.51012482233557     
 e_coul:el-el =   3.71769725555840     
 e_coul:total =   7.56065793633365     
 rearge. energy = -0.151951940976209     
 nonlocal energy =  0.000000000000000E+000
 binding energy =   8.44607115096683     
 binding energy2 =   6.67063142555121     
 potential energ = -0.890026510782441     
iter=     0 binding energy    8.446071
quadrupole:   94.789       90.490       76.402    
 
IN info: t=  0.0000 moments: monop.=   8.00 dip.:     0.111    0.098    0.060

field along x:density 
 -18.25  0.20008E-03
 -17.66  0.21194E-03
 -17.07  0.22342E-03
 -16.48  0.23440E-03
 -15.90  0.24474E-03
 -15.31  0.25430E-03
 -14.72  0.26295E-03
 -14.13  0.27057E-03
 -13.54  0.27707E-03
 -12.95  0.28236E-03
 -12.36  0.28636E-03
 -11.77  0.28903E-03
 -11.19  0.29036E-03
 -10.60  0.29034E-03
 -10.01  0.28902E-03
  -9.42  0.28646E-03
  -8.83  0.28275E-03
  -8.24  0.27800E-03
  -7.65  0.27235E-03
  -7.06  0.26598E-03
  -6.48  0.25906E-03
  -5.89  0.25177E-03
  -5.30  0.24434E-03
  -4.71  0.23696E-03
  -4.12  0.22983E-03
  -3.53  0.22316E-03
  -2.94  0.21712E-03
  -2.35  0.21189E-03
  -1.77  0.20761E-03
  -1.18  0.20439E-03
  -0.59  0.20233E-03
   0.00  0.20147E-03
   0.59  0.20183E-03
   1.18  0.20341E-03
   1.77  0.20615E-03
   2.35  0.20997E-03
   2.94  0.21476E-03
   3.53  0.22038E-03
   4.12  0.22666E-03
   4.71  0.23343E-03
   5.30  0.24050E-03
   5.89  0.24765E-03
   6.48  0.25469E-03
   7.06  0.26141E-03
   7.65  0.26763E-03
   8.24  0.27315E-03
   8.83  0.27782E-03
   9.42  0.28149E-03
  10.01  0.28405E-03
  10.60  0.28541E-03
  11.19  0.28549E-03
  11.77  0.28425E-03
  12.36  0.28170E-03
  12.95  0.27785E-03
  13.54  0.27273E-03
  14.13  0.26642E-03
  14.72  0.25899E-03
  15.31  0.25054E-03
  15.90  0.24120E-03
  16.48  0.23108E-03
  17.07  0.22032E-03
  17.66  0.20906E-03
  18.25  0.19742E-03
  18.84  0.18555E-03

field along x:potential 
 -18.25 -0.21356    
 -17.66 -0.22442    
 -17.07 -0.23780    
 -16.48 -0.25394    
 -15.90 -0.27314    
 -15.31 -0.29573    
 -14.72 -0.32209    
 -14.13 -0.35264    
 -13.54 -0.38791    
 -12.95 -0.42846    
 -12.36 -0.47500    
 -11.77 -0.52835    
 -11.19 -0.58951    
 -10.60 -0.65966    
 -10.01 -0.74031    
  -9.42 -0.83331    
  -8.83 -0.94099    
  -8.24  -1.0664    
  -7.65  -1.2134    
  -7.06  -1.3874    
  -6.48  -1.5955    
  -5.89  -1.8476    
  -5.30  -2.1583    
  -4.71  -2.5487    
  -4.12  -3.0512    
  -3.53  -3.7173    
  -2.94  -4.6305    
  -2.35  -5.9300    
  -1.77  -7.8898    
  -1.18  -11.712    
  -0.59  -18.277    
   0.00  -19.034    
   0.59  -18.918    
   1.18  -13.473    
   1.77  -7.8409    
   2.35  -5.5170    
   2.94  -4.2444    
   3.53  -3.3990    
   4.12  -2.7944    
   4.71  -2.3405    
   5.30  -1.9876    
   5.89  -1.7057    
   6.48  -1.4758    
   7.06  -1.2853    
   7.65  -1.1253    
   8.24 -0.98951    
   8.83 -0.87329    
   9.42 -0.77314    
  10.01 -0.68639    
  10.60 -0.61094    
  11.19 -0.54514    
  11.77 -0.48766    
  12.36 -0.43739    
  12.95 -0.39346    
  13.54 -0.35509    
  14.13 -0.32166    
  14.72 -0.29263    
  15.31 -0.26754    
  15.90 -0.24597    
  16.48 -0.22758    
  17.07 -0.21205    
  17.66 -0.19911    
  18.25 -0.18853    
  18.84 -0.18008    

field along x:potential_io
 -18.25  0.88489    
 -17.66  0.91467    
 -17.07  0.94652    
 -16.48  0.98066    
 -15.90   1.0174    
 -15.31   1.0569    
 -14.72   1.0997    
 -14.13   1.1460    
 -13.54   1.1965    
 -12.95   1.2515    
 -12.36   1.3119    
 -11.77   1.3784    
 -11.19   1.4520    
 -10.60   1.5338    
 -10.01   1.6255    
  -9.42   1.7287    
  -8.83   1.8460    
  -8.24   1.9802    
  -7.65   2.1353    
  -7.06   2.3167    
  -6.48   2.5316    
  -5.89   2.7898    
  -5.30   3.1060    
  -4.71   3.5012    
  -4.12   4.0080    
  -3.53   4.6777    
  -2.94   5.5940    
  -2.35   6.8960    
  -1.77   8.8577    
  -1.18   12.681    
  -0.59   19.247    
   0.00   20.005    
   0.59   19.888    
   1.18   14.443    
   1.77   8.8088    
   2.35   6.4830    
   2.94   5.2079    
   3.53   4.3595    
   4.12   3.7512    
   4.71   3.2932    
   5.30   2.9354    
   5.89   2.6481    
   6.48   2.4123    
   7.06   2.2151    
   7.65   2.0479    
   8.24   1.9041    
   8.83   1.7793    
   9.42   1.6698    
  10.01   1.5731    
  10.60   1.4869    
  11.19   1.4097    
  11.77   1.3402    
  12.36   1.2772    
  12.95   1.2198    
  13.54   1.1674    
  14.13   1.1193    
  14.72   1.0750    
  15.31   1.0341    
  15.90  0.99617    
  16.48  0.96094    
  17.07  0.92811    
  17.66  0.89746    
  18.25  0.86877    
  18.84  0.84185    
  0.0000 initial moments      8.0000      0.1111      0.0980      0.0599
+++ start of static iteration +++
 ismax=        5000
iter,up/down,CPU=    1    4.0000    4.0000   12.9310    0.4261
rhoCM:     0.1005988E+00    0.9515642E-01    0.5875341E-01
iter,up/down,CPU=    2    4.0000    4.0000   17.4143    0.4304
rhoCM:     0.9039071E-01    0.9206483E-01    0.5725282E-01
iter,up/down,CPU=    3    4.0000    4.0000   17.2919    0.4309
rhoCM:     0.7946169E-01    0.8834138E-01    0.5524991E-01
iter,up/down,CPU=    4    4.0000    4.0000   17.2502    0.4287
rhoCM:     0.6432506E-01    0.8301760E-01    0.5225137E-01
iter,up/down,CPU=    5    4.0000    4.0000   17.2463    0.4247
rhoCM:     0.4195420E-01    0.7510363E-01    0.4771628E-01
iter,up/down,CPU=    6    4.0000    4.0000   17.6985    0.4175
rhoCM:     0.1567704E-01    0.6534174E-01    0.4204758E-01
iter,up/down,CPU=    7    4.0000    4.0000   17.8179    0.4450
rhoCM:    -0.1187870E-01    0.5451296E-01    0.3571401E-01
iter,up/down,CPU=    8    4.0000    4.0000   17.8070    0.4193
rhoCM:    -0.4103719E-01    0.4276543E-01    0.2883167E-01
